   0  $accept : program $end

   1  program : fundec
   2          | vardec program
   3          |

   4  vardec : TK_IDENTIFIER ':' type '=' value ';'
   5         | TK_IDENTIFIER ':' type '[' LIT_INTEGER ']' valuelist ';'
   6         | TK_IDENTIFIER ':' type '[' LIT_INTEGER ']' ';'

   7  expr : LIT_INTEGER
   8       | TK_IDENTIFIER
   9       | '-' expr
  10       | expr '+' expr
  11       | expr '-' expr
  12       | expr '*' expr
  13       | expr '/' expr
  14       | expr '<' expr
  15       | expr '>' expr
  16       | expr OPERATOR_GE expr
  17       | expr OPERATOR_LE expr
  18       | expr OPERATOR_NE expr
  19       | expr OPERATOR_EQ expr
  20       | '(' expr ')'

  21  cmd : KW_READ
  22      | KW_PRINT
  23      | KW_RETURN
  24      | KW_IF '(' expr ')' KW_THEN cmd elseCmd
  25      | KW_WHILE '(' expr ')' cmd
  26      | cmdblock

  27  elseCmd : KW_ELSE cmd
  28          |

  29  type : "byte"
  30       | "short"
  31       | "long"
  32       | "float"
  33       | "double"

  34  value : LIT_INTEGER
  35        | LIT_REAL
  36        | LIT_CHAR

  37  valuelist : value valuelist
  38            |

  39  fundec : funheader funbody

  40  funheader : '(' type ')' TK_IDENTIFIER '(' arglist ')'

  41  arglist : arg optarg
  42          |

  43  arg : TK_IDENTIFIER ':' type

  44  optarg : ',' arg optarg
  45         |

  46  funbody : cmdblock

  47  cmdblock : '{' cmdlist '}'

  48  cmdlist : cmd optcmd
  49          |

  50  optcmd : ';' cmd optcmd
  51         |

state 0
	$accept : . program $end  (0)
	program : .  (3)

	TK_IDENTIFIER  shift 1
	'('  shift 2
	$end  reduce 3

	program  goto 3
	fundec  goto 4
	vardec  goto 5
	funheader  goto 6


state 1
	vardec : TK_IDENTIFIER . ':' type '=' value ';'  (4)
	vardec : TK_IDENTIFIER . ':' type '[' LIT_INTEGER ']' valuelist ';'  (5)
	vardec : TK_IDENTIFIER . ':' type '[' LIT_INTEGER ']' ';'  (6)

	':'  shift 7
	.  error


state 2
	funheader : '(' . type ')' TK_IDENTIFIER '(' arglist ')'  (40)

	"byte"  shift 8
	"short"  shift 9
	"long"  shift 10
	"float"  shift 11
	"double"  shift 12
	.  error

	type  goto 13


state 3
	$accept : program . $end  (0)

	$end  accept


state 4
	program : fundec .  (1)

	.  reduce 1


state 5
	program : vardec . program  (2)
	program : .  (3)

	TK_IDENTIFIER  shift 1
	'('  shift 2
	$end  reduce 3

	program  goto 14
	fundec  goto 4
	vardec  goto 5
	funheader  goto 6


state 6
	fundec : funheader . funbody  (39)

	'{'  shift 15
	.  error

	cmdblock  goto 16
	funbody  goto 17


state 7
	vardec : TK_IDENTIFIER ':' . type '=' value ';'  (4)
	vardec : TK_IDENTIFIER ':' . type '[' LIT_INTEGER ']' valuelist ';'  (5)
	vardec : TK_IDENTIFIER ':' . type '[' LIT_INTEGER ']' ';'  (6)

	"byte"  shift 8
	"short"  shift 9
	"long"  shift 10
	"float"  shift 11
	"double"  shift 12
	.  error

	type  goto 18


state 8
	type : "byte" .  (29)

	.  reduce 29


state 9
	type : "short" .  (30)

	.  reduce 30


state 10
	type : "long" .  (31)

	.  reduce 31


state 11
	type : "float" .  (32)

	.  reduce 32


state 12
	type : "double" .  (33)

	.  reduce 33


state 13
	funheader : '(' type . ')' TK_IDENTIFIER '(' arglist ')'  (40)

	')'  shift 19
	.  error


state 14
	program : vardec program .  (2)

	.  reduce 2


state 15
	cmdblock : '{' . cmdlist '}'  (47)
	cmdlist : .  (49)

	KW_IF  shift 20
	KW_WHILE  shift 21
	KW_READ  shift 22
	KW_RETURN  shift 23
	KW_PRINT  shift 24
	'{'  shift 15
	'}'  reduce 49

	cmd  goto 25
	cmdblock  goto 26
	cmdlist  goto 27


state 16
	funbody : cmdblock .  (46)

	.  reduce 46


state 17
	fundec : funheader funbody .  (39)

	.  reduce 39


state 18
	vardec : TK_IDENTIFIER ':' type . '=' value ';'  (4)
	vardec : TK_IDENTIFIER ':' type . '[' LIT_INTEGER ']' valuelist ';'  (5)
	vardec : TK_IDENTIFIER ':' type . '[' LIT_INTEGER ']' ';'  (6)

	'='  shift 28
	'['  shift 29
	.  error


state 19
	funheader : '(' type ')' . TK_IDENTIFIER '(' arglist ')'  (40)

	TK_IDENTIFIER  shift 30
	.  error


state 20
	cmd : KW_IF . '(' expr ')' KW_THEN cmd elseCmd  (24)

	'('  shift 31
	.  error


state 21
	cmd : KW_WHILE . '(' expr ')' cmd  (25)

	'('  shift 32
	.  error


state 22
	cmd : KW_READ .  (21)

	.  reduce 21


state 23
	cmd : KW_RETURN .  (23)

	.  reduce 23


state 24
	cmd : KW_PRINT .  (22)

	.  reduce 22


state 25
	cmdlist : cmd . optcmd  (48)
	optcmd : .  (51)

	';'  shift 33
	'}'  reduce 51

	optcmd  goto 34


state 26
	cmd : cmdblock .  (26)

	.  reduce 26


state 27
	cmdblock : '{' cmdlist . '}'  (47)

	'}'  shift 35
	.  error


state 28
	vardec : TK_IDENTIFIER ':' type '=' . value ';'  (4)

	LIT_INTEGER  shift 36
	LIT_REAL  shift 37
	LIT_CHAR  shift 38
	.  error

	value  goto 39


state 29
	vardec : TK_IDENTIFIER ':' type '[' . LIT_INTEGER ']' valuelist ';'  (5)
	vardec : TK_IDENTIFIER ':' type '[' . LIT_INTEGER ']' ';'  (6)

	LIT_INTEGER  shift 40
	.  error


state 30
	funheader : '(' type ')' TK_IDENTIFIER . '(' arglist ')'  (40)

	'('  shift 41
	.  error


state 31
	cmd : KW_IF '(' . expr ')' KW_THEN cmd elseCmd  (24)

	TK_IDENTIFIER  shift 42
	LIT_INTEGER  shift 43
	'-'  shift 44
	'('  shift 45
	.  error

	expr  goto 46


state 32
	cmd : KW_WHILE '(' . expr ')' cmd  (25)

	TK_IDENTIFIER  shift 42
	LIT_INTEGER  shift 43
	'-'  shift 44
	'('  shift 45
	.  error

	expr  goto 47


state 33
	optcmd : ';' . cmd optcmd  (50)

	KW_IF  shift 20
	KW_WHILE  shift 21
	KW_READ  shift 22
	KW_RETURN  shift 23
	KW_PRINT  shift 24
	'{'  shift 15
	.  error

	cmd  goto 48
	cmdblock  goto 26


state 34
	cmdlist : cmd optcmd .  (48)

	.  reduce 48


state 35
	cmdblock : '{' cmdlist '}' .  (47)

	.  reduce 47


state 36
	value : LIT_INTEGER .  (34)

	.  reduce 34


state 37
	value : LIT_REAL .  (35)

	.  reduce 35


state 38
	value : LIT_CHAR .  (36)

	.  reduce 36


state 39
	vardec : TK_IDENTIFIER ':' type '=' value . ';'  (4)

	';'  shift 49
	.  error


state 40
	vardec : TK_IDENTIFIER ':' type '[' LIT_INTEGER . ']' valuelist ';'  (5)
	vardec : TK_IDENTIFIER ':' type '[' LIT_INTEGER . ']' ';'  (6)

	']'  shift 50
	.  error


state 41
	funheader : '(' type ')' TK_IDENTIFIER '(' . arglist ')'  (40)
	arglist : .  (42)

	TK_IDENTIFIER  shift 51
	')'  reduce 42

	arglist  goto 52
	arg  goto 53


state 42
	expr : TK_IDENTIFIER .  (8)

	.  reduce 8


state 43
	expr : LIT_INTEGER .  (7)

	.  reduce 7


state 44
	expr : '-' . expr  (9)

	TK_IDENTIFIER  shift 42
	LIT_INTEGER  shift 43
	'-'  shift 44
	'('  shift 45
	.  error

	expr  goto 54


state 45
	expr : '(' . expr ')'  (20)

	TK_IDENTIFIER  shift 42
	LIT_INTEGER  shift 43
	'-'  shift 44
	'('  shift 45
	.  error

	expr  goto 55


state 46
	expr : expr . '+' expr  (10)
	expr : expr . '-' expr  (11)
	expr : expr . '*' expr  (12)
	expr : expr . '/' expr  (13)
	expr : expr . '<' expr  (14)
	expr : expr . '>' expr  (15)
	expr : expr . OPERATOR_GE expr  (16)
	expr : expr . OPERATOR_LE expr  (17)
	expr : expr . OPERATOR_NE expr  (18)
	expr : expr . OPERATOR_EQ expr  (19)
	cmd : KW_IF '(' expr . ')' KW_THEN cmd elseCmd  (24)

	OPERATOR_LE  shift 56
	OPERATOR_GE  shift 57
	OPERATOR_EQ  shift 58
	OPERATOR_NE  shift 59
	'<'  shift 60
	'>'  shift 61
	'+'  shift 62
	'-'  shift 63
	'*'  shift 64
	'/'  shift 65
	')'  shift 66
	.  error


state 47
	expr : expr . '+' expr  (10)
	expr : expr . '-' expr  (11)
	expr : expr . '*' expr  (12)
	expr : expr . '/' expr  (13)
	expr : expr . '<' expr  (14)
	expr : expr . '>' expr  (15)
	expr : expr . OPERATOR_GE expr  (16)
	expr : expr . OPERATOR_LE expr  (17)
	expr : expr . OPERATOR_NE expr  (18)
	expr : expr . OPERATOR_EQ expr  (19)
	cmd : KW_WHILE '(' expr . ')' cmd  (25)

	OPERATOR_LE  shift 56
	OPERATOR_GE  shift 57
	OPERATOR_EQ  shift 58
	OPERATOR_NE  shift 59
	'<'  shift 60
	'>'  shift 61
	'+'  shift 62
	'-'  shift 63
	'*'  shift 64
	'/'  shift 65
	')'  shift 67
	.  error


state 48
	optcmd : ';' cmd . optcmd  (50)
	optcmd : .  (51)

	';'  shift 33
	'}'  reduce 51

	optcmd  goto 68


state 49
	vardec : TK_IDENTIFIER ':' type '=' value ';' .  (4)

	.  reduce 4


50: shift/reduce conflict (shift 69, reduce 38) on ';'
state 50
	vardec : TK_IDENTIFIER ':' type '[' LIT_INTEGER ']' . valuelist ';'  (5)
	vardec : TK_IDENTIFIER ':' type '[' LIT_INTEGER ']' . ';'  (6)
	valuelist : .  (38)

	LIT_INTEGER  shift 36
	LIT_REAL  shift 37
	LIT_CHAR  shift 38
	';'  shift 69

	value  goto 70
	valuelist  goto 71


state 51
	arg : TK_IDENTIFIER . ':' type  (43)

	':'  shift 72
	.  error


state 52
	funheader : '(' type ')' TK_IDENTIFIER '(' arglist . ')'  (40)

	')'  shift 73
	.  error


state 53
	arglist : arg . optarg  (41)
	optarg : .  (45)

	','  shift 74
	')'  reduce 45

	optarg  goto 75


54: shift/reduce conflict (shift 56, reduce 9) on OPERATOR_LE
54: shift/reduce conflict (shift 57, reduce 9) on OPERATOR_GE
54: shift/reduce conflict (shift 58, reduce 9) on OPERATOR_EQ
54: shift/reduce conflict (shift 59, reduce 9) on OPERATOR_NE
state 54
	expr : '-' expr .  (9)
	expr : expr . '+' expr  (10)
	expr : expr . '-' expr  (11)
	expr : expr . '*' expr  (12)
	expr : expr . '/' expr  (13)
	expr : expr . '<' expr  (14)
	expr : expr . '>' expr  (15)
	expr : expr . OPERATOR_GE expr  (16)
	expr : expr . OPERATOR_LE expr  (17)
	expr : expr . OPERATOR_NE expr  (18)
	expr : expr . OPERATOR_EQ expr  (19)

	OPERATOR_LE  shift 56
	OPERATOR_GE  shift 57
	OPERATOR_EQ  shift 58
	OPERATOR_NE  shift 59
	'*'  shift 64
	'/'  shift 65
	'<'  reduce 9
	'>'  reduce 9
	'+'  reduce 9
	'-'  reduce 9
	')'  reduce 9


state 55
	expr : expr . '+' expr  (10)
	expr : expr . '-' expr  (11)
	expr : expr . '*' expr  (12)
	expr : expr . '/' expr  (13)
	expr : expr . '<' expr  (14)
	expr : expr . '>' expr  (15)
	expr : expr . OPERATOR_GE expr  (16)
	expr : expr . OPERATOR_LE expr  (17)
	expr : expr . OPERATOR_NE expr  (18)
	expr : expr . OPERATOR_EQ expr  (19)
	expr : '(' expr . ')'  (20)

	OPERATOR_LE  shift 56
	OPERATOR_GE  shift 57
	OPERATOR_EQ  shift 58
	OPERATOR_NE  shift 59
	'<'  shift 60
	'>'  shift 61
	'+'  shift 62
	'-'  shift 63
	'*'  shift 64
	'/'  shift 65
	')'  shift 76
	.  error


state 56
	expr : expr OPERATOR_LE . expr  (17)

	TK_IDENTIFIER  shift 42
	LIT_INTEGER  shift 43
	'-'  shift 44
	'('  shift 45
	.  error

	expr  goto 77


state 57
	expr : expr OPERATOR_GE . expr  (16)

	TK_IDENTIFIER  shift 42
	LIT_INTEGER  shift 43
	'-'  shift 44
	'('  shift 45
	.  error

	expr  goto 78


state 58
	expr : expr OPERATOR_EQ . expr  (19)

	TK_IDENTIFIER  shift 42
	LIT_INTEGER  shift 43
	'-'  shift 44
	'('  shift 45
	.  error

	expr  goto 79


state 59
	expr : expr OPERATOR_NE . expr  (18)

	TK_IDENTIFIER  shift 42
	LIT_INTEGER  shift 43
	'-'  shift 44
	'('  shift 45
	.  error

	expr  goto 80


state 60
	expr : expr '<' . expr  (14)

	TK_IDENTIFIER  shift 42
	LIT_INTEGER  shift 43
	'-'  shift 44
	'('  shift 45
	.  error

	expr  goto 81


state 61
	expr : expr '>' . expr  (15)

	TK_IDENTIFIER  shift 42
	LIT_INTEGER  shift 43
	'-'  shift 44
	'('  shift 45
	.  error

	expr  goto 82


state 62
	expr : expr '+' . expr  (10)

	TK_IDENTIFIER  shift 42
	LIT_INTEGER  shift 43
	'-'  shift 44
	'('  shift 45
	.  error

	expr  goto 83


state 63
	expr : expr '-' . expr  (11)

	TK_IDENTIFIER  shift 42
	LIT_INTEGER  shift 43
	'-'  shift 44
	'('  shift 45
	.  error

	expr  goto 84


state 64
	expr : expr '*' . expr  (12)

	TK_IDENTIFIER  shift 42
	LIT_INTEGER  shift 43
	'-'  shift 44
	'('  shift 45
	.  error

	expr  goto 85


state 65
	expr : expr '/' . expr  (13)

	TK_IDENTIFIER  shift 42
	LIT_INTEGER  shift 43
	'-'  shift 44
	'('  shift 45
	.  error

	expr  goto 86


state 66
	cmd : KW_IF '(' expr ')' . KW_THEN cmd elseCmd  (24)

	KW_THEN  shift 87
	.  error


state 67
	cmd : KW_WHILE '(' expr ')' . cmd  (25)

	KW_IF  shift 20
	KW_WHILE  shift 21
	KW_READ  shift 22
	KW_RETURN  shift 23
	KW_PRINT  shift 24
	'{'  shift 15
	.  error

	cmd  goto 88
	cmdblock  goto 26


state 68
	optcmd : ';' cmd optcmd .  (50)

	.  reduce 50


state 69
	vardec : TK_IDENTIFIER ':' type '[' LIT_INTEGER ']' ';' .  (6)

	.  reduce 6


state 70
	valuelist : value . valuelist  (37)
	valuelist : .  (38)

	LIT_INTEGER  shift 36
	LIT_REAL  shift 37
	LIT_CHAR  shift 38
	';'  reduce 38

	value  goto 70
	valuelist  goto 89


state 71
	vardec : TK_IDENTIFIER ':' type '[' LIT_INTEGER ']' valuelist . ';'  (5)

	';'  shift 90
	.  error


state 72
	arg : TK_IDENTIFIER ':' . type  (43)

	"byte"  shift 8
	"short"  shift 9
	"long"  shift 10
	"float"  shift 11
	"double"  shift 12
	.  error

	type  goto 91


state 73
	funheader : '(' type ')' TK_IDENTIFIER '(' arglist ')' .  (40)

	.  reduce 40


state 74
	optarg : ',' . arg optarg  (44)

	TK_IDENTIFIER  shift 51
	.  error

	arg  goto 92


state 75
	arglist : arg optarg .  (41)

	.  reduce 41


state 76
	expr : '(' expr ')' .  (20)

	.  reduce 20


77: shift/reduce conflict (shift 56, reduce 17) on OPERATOR_LE
77: shift/reduce conflict (shift 57, reduce 17) on OPERATOR_GE
77: shift/reduce conflict (shift 58, reduce 17) on OPERATOR_EQ
77: shift/reduce conflict (shift 59, reduce 17) on OPERATOR_NE
77: shift/reduce conflict (shift 60, reduce 17) on '<'
77: shift/reduce conflict (shift 61, reduce 17) on '>'
77: shift/reduce conflict (shift 62, reduce 17) on '+'
77: shift/reduce conflict (shift 63, reduce 17) on '-'
77: shift/reduce conflict (shift 64, reduce 17) on '*'
77: shift/reduce conflict (shift 65, reduce 17) on '/'
state 77
	expr : expr . '+' expr  (10)
	expr : expr . '-' expr  (11)
	expr : expr . '*' expr  (12)
	expr : expr . '/' expr  (13)
	expr : expr . '<' expr  (14)
	expr : expr . '>' expr  (15)
	expr : expr . OPERATOR_GE expr  (16)
	expr : expr . OPERATOR_LE expr  (17)
	expr : expr OPERATOR_LE expr .  (17)
	expr : expr . OPERATOR_NE expr  (18)
	expr : expr . OPERATOR_EQ expr  (19)

	OPERATOR_LE  shift 56
	OPERATOR_GE  shift 57
	OPERATOR_EQ  shift 58
	OPERATOR_NE  shift 59
	'<'  shift 60
	'>'  shift 61
	'+'  shift 62
	'-'  shift 63
	'*'  shift 64
	'/'  shift 65
	')'  reduce 17


78: shift/reduce conflict (shift 56, reduce 16) on OPERATOR_LE
78: shift/reduce conflict (shift 57, reduce 16) on OPERATOR_GE
78: shift/reduce conflict (shift 58, reduce 16) on OPERATOR_EQ
78: shift/reduce conflict (shift 59, reduce 16) on OPERATOR_NE
78: shift/reduce conflict (shift 60, reduce 16) on '<'
78: shift/reduce conflict (shift 61, reduce 16) on '>'
78: shift/reduce conflict (shift 62, reduce 16) on '+'
78: shift/reduce conflict (shift 63, reduce 16) on '-'
78: shift/reduce conflict (shift 64, reduce 16) on '*'
78: shift/reduce conflict (shift 65, reduce 16) on '/'
state 78
	expr : expr . '+' expr  (10)
	expr : expr . '-' expr  (11)
	expr : expr . '*' expr  (12)
	expr : expr . '/' expr  (13)
	expr : expr . '<' expr  (14)
	expr : expr . '>' expr  (15)
	expr : expr . OPERATOR_GE expr  (16)
	expr : expr OPERATOR_GE expr .  (16)
	expr : expr . OPERATOR_LE expr  (17)
	expr : expr . OPERATOR_NE expr  (18)
	expr : expr . OPERATOR_EQ expr  (19)

	OPERATOR_LE  shift 56
	OPERATOR_GE  shift 57
	OPERATOR_EQ  shift 58
	OPERATOR_NE  shift 59
	'<'  shift 60
	'>'  shift 61
	'+'  shift 62
	'-'  shift 63
	'*'  shift 64
	'/'  shift 65
	')'  reduce 16


79: shift/reduce conflict (shift 56, reduce 19) on OPERATOR_LE
79: shift/reduce conflict (shift 57, reduce 19) on OPERATOR_GE
79: shift/reduce conflict (shift 58, reduce 19) on OPERATOR_EQ
79: shift/reduce conflict (shift 59, reduce 19) on OPERATOR_NE
79: shift/reduce conflict (shift 60, reduce 19) on '<'
79: shift/reduce conflict (shift 61, reduce 19) on '>'
79: shift/reduce conflict (shift 62, reduce 19) on '+'
79: shift/reduce conflict (shift 63, reduce 19) on '-'
79: shift/reduce conflict (shift 64, reduce 19) on '*'
79: shift/reduce conflict (shift 65, reduce 19) on '/'
state 79
	expr : expr . '+' expr  (10)
	expr : expr . '-' expr  (11)
	expr : expr . '*' expr  (12)
	expr : expr . '/' expr  (13)
	expr : expr . '<' expr  (14)
	expr : expr . '>' expr  (15)
	expr : expr . OPERATOR_GE expr  (16)
	expr : expr . OPERATOR_LE expr  (17)
	expr : expr . OPERATOR_NE expr  (18)
	expr : expr . OPERATOR_EQ expr  (19)
	expr : expr OPERATOR_EQ expr .  (19)

	OPERATOR_LE  shift 56
	OPERATOR_GE  shift 57
	OPERATOR_EQ  shift 58
	OPERATOR_NE  shift 59
	'<'  shift 60
	'>'  shift 61
	'+'  shift 62
	'-'  shift 63
	'*'  shift 64
	'/'  shift 65
	')'  reduce 19


80: shift/reduce conflict (shift 56, reduce 18) on OPERATOR_LE
80: shift/reduce conflict (shift 57, reduce 18) on OPERATOR_GE
80: shift/reduce conflict (shift 58, reduce 18) on OPERATOR_EQ
80: shift/reduce conflict (shift 59, reduce 18) on OPERATOR_NE
80: shift/reduce conflict (shift 60, reduce 18) on '<'
80: shift/reduce conflict (shift 61, reduce 18) on '>'
80: shift/reduce conflict (shift 62, reduce 18) on '+'
80: shift/reduce conflict (shift 63, reduce 18) on '-'
80: shift/reduce conflict (shift 64, reduce 18) on '*'
80: shift/reduce conflict (shift 65, reduce 18) on '/'
state 80
	expr : expr . '+' expr  (10)
	expr : expr . '-' expr  (11)
	expr : expr . '*' expr  (12)
	expr : expr . '/' expr  (13)
	expr : expr . '<' expr  (14)
	expr : expr . '>' expr  (15)
	expr : expr . OPERATOR_GE expr  (16)
	expr : expr . OPERATOR_LE expr  (17)
	expr : expr . OPERATOR_NE expr  (18)
	expr : expr OPERATOR_NE expr .  (18)
	expr : expr . OPERATOR_EQ expr  (19)

	OPERATOR_LE  shift 56
	OPERATOR_GE  shift 57
	OPERATOR_EQ  shift 58
	OPERATOR_NE  shift 59
	'<'  shift 60
	'>'  shift 61
	'+'  shift 62
	'-'  shift 63
	'*'  shift 64
	'/'  shift 65
	')'  reduce 18


81: shift/reduce conflict (shift 56, reduce 14) on OPERATOR_LE
81: shift/reduce conflict (shift 57, reduce 14) on OPERATOR_GE
81: shift/reduce conflict (shift 58, reduce 14) on OPERATOR_EQ
81: shift/reduce conflict (shift 59, reduce 14) on OPERATOR_NE
state 81
	expr : expr . '+' expr  (10)
	expr : expr . '-' expr  (11)
	expr : expr . '*' expr  (12)
	expr : expr . '/' expr  (13)
	expr : expr . '<' expr  (14)
	expr : expr '<' expr .  (14)
	expr : expr . '>' expr  (15)
	expr : expr . OPERATOR_GE expr  (16)
	expr : expr . OPERATOR_LE expr  (17)
	expr : expr . OPERATOR_NE expr  (18)
	expr : expr . OPERATOR_EQ expr  (19)

	OPERATOR_LE  shift 56
	OPERATOR_GE  shift 57
	OPERATOR_EQ  shift 58
	OPERATOR_NE  shift 59
	'+'  shift 62
	'-'  shift 63
	'*'  shift 64
	'/'  shift 65
	'<'  reduce 14
	'>'  reduce 14
	')'  reduce 14


82: shift/reduce conflict (shift 56, reduce 15) on OPERATOR_LE
82: shift/reduce conflict (shift 57, reduce 15) on OPERATOR_GE
82: shift/reduce conflict (shift 58, reduce 15) on OPERATOR_EQ
82: shift/reduce conflict (shift 59, reduce 15) on OPERATOR_NE
state 82
	expr : expr . '+' expr  (10)
	expr : expr . '-' expr  (11)
	expr : expr . '*' expr  (12)
	expr : expr . '/' expr  (13)
	expr : expr . '<' expr  (14)
	expr : expr . '>' expr  (15)
	expr : expr '>' expr .  (15)
	expr : expr . OPERATOR_GE expr  (16)
	expr : expr . OPERATOR_LE expr  (17)
	expr : expr . OPERATOR_NE expr  (18)
	expr : expr . OPERATOR_EQ expr  (19)

	OPERATOR_LE  shift 56
	OPERATOR_GE  shift 57
	OPERATOR_EQ  shift 58
	OPERATOR_NE  shift 59
	'+'  shift 62
	'-'  shift 63
	'*'  shift 64
	'/'  shift 65
	'<'  reduce 15
	'>'  reduce 15
	')'  reduce 15


83: shift/reduce conflict (shift 56, reduce 10) on OPERATOR_LE
83: shift/reduce conflict (shift 57, reduce 10) on OPERATOR_GE
83: shift/reduce conflict (shift 58, reduce 10) on OPERATOR_EQ
83: shift/reduce conflict (shift 59, reduce 10) on OPERATOR_NE
state 83
	expr : expr . '+' expr  (10)
	expr : expr '+' expr .  (10)
	expr : expr . '-' expr  (11)
	expr : expr . '*' expr  (12)
	expr : expr . '/' expr  (13)
	expr : expr . '<' expr  (14)
	expr : expr . '>' expr  (15)
	expr : expr . OPERATOR_GE expr  (16)
	expr : expr . OPERATOR_LE expr  (17)
	expr : expr . OPERATOR_NE expr  (18)
	expr : expr . OPERATOR_EQ expr  (19)

	OPERATOR_LE  shift 56
	OPERATOR_GE  shift 57
	OPERATOR_EQ  shift 58
	OPERATOR_NE  shift 59
	'*'  shift 64
	'/'  shift 65
	'<'  reduce 10
	'>'  reduce 10
	'+'  reduce 10
	'-'  reduce 10
	')'  reduce 10


84: shift/reduce conflict (shift 56, reduce 11) on OPERATOR_LE
84: shift/reduce conflict (shift 57, reduce 11) on OPERATOR_GE
84: shift/reduce conflict (shift 58, reduce 11) on OPERATOR_EQ
84: shift/reduce conflict (shift 59, reduce 11) on OPERATOR_NE
state 84
	expr : expr . '+' expr  (10)
	expr : expr . '-' expr  (11)
	expr : expr '-' expr .  (11)
	expr : expr . '*' expr  (12)
	expr : expr . '/' expr  (13)
	expr : expr . '<' expr  (14)
	expr : expr . '>' expr  (15)
	expr : expr . OPERATOR_GE expr  (16)
	expr : expr . OPERATOR_LE expr  (17)
	expr : expr . OPERATOR_NE expr  (18)
	expr : expr . OPERATOR_EQ expr  (19)

	OPERATOR_LE  shift 56
	OPERATOR_GE  shift 57
	OPERATOR_EQ  shift 58
	OPERATOR_NE  shift 59
	'*'  shift 64
	'/'  shift 65
	'<'  reduce 11
	'>'  reduce 11
	'+'  reduce 11
	'-'  reduce 11
	')'  reduce 11


85: shift/reduce conflict (shift 56, reduce 12) on OPERATOR_LE
85: shift/reduce conflict (shift 57, reduce 12) on OPERATOR_GE
85: shift/reduce conflict (shift 58, reduce 12) on OPERATOR_EQ
85: shift/reduce conflict (shift 59, reduce 12) on OPERATOR_NE
state 85
	expr : expr . '+' expr  (10)
	expr : expr . '-' expr  (11)
	expr : expr . '*' expr  (12)
	expr : expr '*' expr .  (12)
	expr : expr . '/' expr  (13)
	expr : expr . '<' expr  (14)
	expr : expr . '>' expr  (15)
	expr : expr . OPERATOR_GE expr  (16)
	expr : expr . OPERATOR_LE expr  (17)
	expr : expr . OPERATOR_NE expr  (18)
	expr : expr . OPERATOR_EQ expr  (19)

	OPERATOR_LE  shift 56
	OPERATOR_GE  shift 57
	OPERATOR_EQ  shift 58
	OPERATOR_NE  shift 59
	'<'  reduce 12
	'>'  reduce 12
	'+'  reduce 12
	'-'  reduce 12
	'*'  reduce 12
	'/'  reduce 12
	')'  reduce 12


86: shift/reduce conflict (shift 56, reduce 13) on OPERATOR_LE
86: shift/reduce conflict (shift 57, reduce 13) on OPERATOR_GE
86: shift/reduce conflict (shift 58, reduce 13) on OPERATOR_EQ
86: shift/reduce conflict (shift 59, reduce 13) on OPERATOR_NE
state 86
	expr : expr . '+' expr  (10)
	expr : expr . '-' expr  (11)
	expr : expr . '*' expr  (12)
	expr : expr . '/' expr  (13)
	expr : expr '/' expr .  (13)
	expr : expr . '<' expr  (14)
	expr : expr . '>' expr  (15)
	expr : expr . OPERATOR_GE expr  (16)
	expr : expr . OPERATOR_LE expr  (17)
	expr : expr . OPERATOR_NE expr  (18)
	expr : expr . OPERATOR_EQ expr  (19)

	OPERATOR_LE  shift 56
	OPERATOR_GE  shift 57
	OPERATOR_EQ  shift 58
	OPERATOR_NE  shift 59
	'<'  reduce 13
	'>'  reduce 13
	'+'  reduce 13
	'-'  reduce 13
	'*'  reduce 13
	'/'  reduce 13
	')'  reduce 13


state 87
	cmd : KW_IF '(' expr ')' KW_THEN . cmd elseCmd  (24)

	KW_IF  shift 20
	KW_WHILE  shift 21
	KW_READ  shift 22
	KW_RETURN  shift 23
	KW_PRINT  shift 24
	'{'  shift 15
	.  error

	cmd  goto 93
	cmdblock  goto 26


state 88
	cmd : KW_WHILE '(' expr ')' cmd .  (25)

	.  reduce 25


state 89
	valuelist : value valuelist .  (37)

	.  reduce 37


state 90
	vardec : TK_IDENTIFIER ':' type '[' LIT_INTEGER ']' valuelist ';' .  (5)

	.  reduce 5


state 91
	arg : TK_IDENTIFIER ':' type .  (43)

	.  reduce 43


state 92
	optarg : ',' arg . optarg  (44)
	optarg : .  (45)

	','  shift 74
	')'  reduce 45

	optarg  goto 94


93: shift/reduce conflict (shift 95, reduce 28) on KW_ELSE
state 93
	cmd : KW_IF '(' expr ')' KW_THEN cmd . elseCmd  (24)
	elseCmd : .  (28)

	KW_ELSE  shift 95
	';'  reduce 28
	'}'  reduce 28

	elseCmd  goto 96


state 94
	optarg : ',' arg optarg .  (44)

	.  reduce 44


state 95
	elseCmd : KW_ELSE . cmd  (27)

	KW_IF  shift 20
	KW_WHILE  shift 21
	KW_READ  shift 22
	KW_RETURN  shift 23
	KW_PRINT  shift 24
	'{'  shift 15
	.  error

	cmd  goto 97
	cmdblock  goto 26


state 96
	cmd : KW_IF '(' expr ')' KW_THEN cmd elseCmd .  (24)

	.  reduce 24


state 97
	elseCmd : KW_ELSE cmd .  (27)

	.  reduce 27


State 50 contains 1 shift/reduce conflict.
State 54 contains 4 shift/reduce conflicts.
State 77 contains 10 shift/reduce conflicts.
State 78 contains 10 shift/reduce conflicts.
State 79 contains 10 shift/reduce conflicts.
State 80 contains 10 shift/reduce conflicts.
State 81 contains 4 shift/reduce conflicts.
State 82 contains 4 shift/reduce conflicts.
State 83 contains 4 shift/reduce conflicts.
State 84 contains 4 shift/reduce conflicts.
State 85 contains 4 shift/reduce conflicts.
State 86 contains 4 shift/reduce conflicts.
State 93 contains 1 shift/reduce conflict.


48 terminals, 18 nonterminals
52 grammar rules, 98 states
